<?xml version="1.0" encoding="UTF-8"?>
<testsuite name="com.example.resemble.ExampleTestApplication" tests="1" skipped="0" failures="0" errors="0" timestamp="2021-07-28T13:01:47" hostname="joignoui-MacBookPro-2.local" time="0.283">
  <properties/>
  <testcase name="testupdatePost()" classname="com.example.resemble.ExampleTestApplication" time="0.283"/>
  <system-out><![CDATA[22:01:38.896 [Test worker] DEBUG org.springframework.test.context.BootstrapUtils - Instantiating CacheAwareContextLoaderDelegate from class [org.springframework.test.context.cache.DefaultCacheAwareContextLoaderDelegate]
22:01:38.905 [Test worker] DEBUG org.springframework.test.context.BootstrapUtils - Instantiating BootstrapContext using constructor [public org.springframework.test.context.support.DefaultBootstrapContext(java.lang.Class,org.springframework.test.context.CacheAwareContextLoaderDelegate)]
22:01:38.932 [Test worker] DEBUG org.springframework.test.context.BootstrapUtils - Instantiating TestContextBootstrapper for test class [com.example.resemble.ExampleTestApplication] from class [org.springframework.boot.test.context.SpringBootTestContextBootstrapper]
22:01:38.939 [Test worker] INFO org.springframework.boot.test.context.SpringBootTestContextBootstrapper - Neither @ContextConfiguration nor @ContextHierarchy found for test class [com.example.resemble.ExampleTestApplication], using SpringBootContextLoader
22:01:38.943 [Test worker] DEBUG org.springframework.test.context.support.AbstractContextLoader - Did not detect default resource location for test class [com.example.resemble.ExampleTestApplication]: class path resource [com/example/resemble/ExampleTestApplication-context.xml] does not exist
22:01:38.943 [Test worker] DEBUG org.springframework.test.context.support.AbstractContextLoader - Did not detect default resource location for test class [com.example.resemble.ExampleTestApplication]: class path resource [com/example/resemble/ExampleTestApplicationContext.groovy] does not exist
22:01:38.943 [Test worker] INFO org.springframework.test.context.support.AbstractContextLoader - Could not detect default resource locations for test class [com.example.resemble.ExampleTestApplication]: no resource found for suffixes {-context.xml, Context.groovy}.
22:01:38.944 [Test worker] INFO org.springframework.test.context.support.AnnotationConfigContextLoaderUtils - Could not detect default configuration classes for test class [com.example.resemble.ExampleTestApplication]: ExampleTestApplication does not declare any static, non-private, non-final, nested classes annotated with @Configuration.
22:01:38.995 [Test worker] DEBUG org.springframework.test.context.support.ActiveProfilesUtils - Could not find an 'annotation declaring class' for annotation type [org.springframework.test.context.ActiveProfiles] and class [com.example.resemble.ExampleTestApplication]
22:01:39.043 [Test worker] DEBUG org.springframework.context.annotation.ClassPathScanningCandidateComponentProvider - Identified candidate component class: file [/Users/ikno/resembleG/build/classes/java/main/com/example/resemble/ResembleApplication.class]
22:01:39.044 [Test worker] INFO org.springframework.boot.test.context.SpringBootTestContextBootstrapper - Found @SpringBootConfiguration com.example.resemble.ResembleApplication for test class com.example.resemble.ExampleTestApplication
22:01:39.111 [Test worker] DEBUG org.springframework.boot.test.context.SpringBootTestContextBootstrapper - @TestExecutionListeners is not present for class [com.example.resemble.ExampleTestApplication]: using defaults.
22:01:39.112 [Test worker] INFO org.springframework.boot.test.context.SpringBootTestContextBootstrapper - Loaded default TestExecutionListener class names from location [META-INF/spring.factories]: [org.springframework.boot.test.autoconfigure.restdocs.RestDocsTestExecutionListener, org.springframework.boot.test.autoconfigure.web.client.MockRestServiceServerResetTestExecutionListener, org.springframework.boot.test.autoconfigure.web.servlet.MockMvcPrintOnlyOnFailureTestExecutionListener, org.springframework.boot.test.autoconfigure.web.servlet.WebDriverTestExecutionListener, org.springframework.boot.test.autoconfigure.webservices.client.MockWebServiceServerTestExecutionListener, org.springframework.boot.test.mock.mockito.MockitoTestExecutionListener, org.springframework.boot.test.mock.mockito.ResetMocksTestExecutionListener, org.springframework.test.context.web.ServletTestExecutionListener, org.springframework.test.context.support.DirtiesContextBeforeModesTestExecutionListener, org.springframework.test.context.event.ApplicationEventsTestExecutionListener, org.springframework.test.context.support.DependencyInjectionTestExecutionListener, org.springframework.test.context.support.DirtiesContextTestExecutionListener, org.springframework.test.context.transaction.TransactionalTestExecutionListener, org.springframework.test.context.jdbc.SqlScriptsTestExecutionListener, org.springframework.test.context.event.EventPublishingTestExecutionListener]
22:01:39.135 [Test worker] INFO org.springframework.boot.test.context.SpringBootTestContextBootstrapper - Using TestExecutionListeners: [org.springframework.test.context.web.ServletTestExecutionListener@5ea181eb, org.springframework.test.context.support.DirtiesContextBeforeModesTestExecutionListener@1ae0471f, org.springframework.test.context.event.ApplicationEventsTestExecutionListener@11f61340, org.springframework.boot.test.mock.mockito.MockitoTestExecutionListener@7c12dbbb, org.springframework.boot.test.autoconfigure.SpringBootDependencyInjectionTestExecutionListener@2eeeb30b, org.springframework.test.context.support.DirtiesContextTestExecutionListener@362ec176, org.springframework.test.context.transaction.TransactionalTestExecutionListener@1763a8e0, org.springframework.test.context.jdbc.SqlScriptsTestExecutionListener@7dc676b4, org.springframework.test.context.event.EventPublishingTestExecutionListener@266bf4ec, org.springframework.boot.test.autoconfigure.restdocs.RestDocsTestExecutionListener@668ea426, org.springframework.boot.test.autoconfigure.web.client.MockRestServiceServerResetTestExecutionListener@6c2034bf, org.springframework.boot.test.autoconfigure.web.servlet.MockMvcPrintOnlyOnFailureTestExecutionListener@229d9c59, org.springframework.boot.test.autoconfigure.web.servlet.WebDriverTestExecutionListener@5b28d072, org.springframework.boot.test.autoconfigure.webservices.client.MockWebServiceServerTestExecutionListener@4814f0a5, org.springframework.boot.test.mock.mockito.ResetMocksTestExecutionListener@25fcb0d4]
22:01:39.138 [Test worker] DEBUG org.springframework.test.context.support.AbstractDirtiesContextTestExecutionListener - Before test class: context [DefaultTestContext@71a51a74 testClass = ExampleTestApplication, testInstance = [null], testMethod = [null], testException = [null], mergedContextConfiguration = [WebMergedContextConfiguration@a444479 testClass = ExampleTestApplication, locations = '{}', classes = '{class com.example.resemble.ResembleApplication}', contextInitializerClasses = '[]', activeProfiles = '{}', propertySourceLocations = '{}', propertySourceProperties = '{org.springframework.boot.test.context.SpringBootTestContextBootstrapper=true}', contextCustomizers = set[org.springframework.boot.test.autoconfigure.actuate.metrics.MetricsExportContextCustomizerFactory$DisableMetricExportContextCustomizer@20aa026d, org.springframework.boot.test.autoconfigure.properties.PropertyMappingContextCustomizer@4b3fa0b3, org.springframework.boot.test.autoconfigure.web.servlet.WebDriverContextCustomizerFactory$Customizer@608251b1, [ImportsContextCustomizer@48f502bf key = [org.springframework.boot.test.autoconfigure.web.servlet.MockMvcAutoConfiguration, org.springframework.boot.test.autoconfigure.web.servlet.MockMvcWebClientAutoConfiguration, org.springframework.boot.test.autoconfigure.web.servlet.MockMvcWebDriverAutoConfiguration, org.springframework.boot.autoconfigure.security.oauth2.client.servlet.OAuth2ClientAutoConfiguration, org.springframework.boot.autoconfigure.security.oauth2.resource.servlet.OAuth2ResourceServerAutoConfiguration, org.springframework.boot.autoconfigure.security.servlet.SecurityAutoConfiguration, org.springframework.boot.autoconfigure.security.servlet.SecurityFilterAutoConfiguration, org.springframework.boot.autoconfigure.security.servlet.UserDetailsServiceAutoConfiguration, org.springframework.boot.test.autoconfigure.web.servlet.MockMvcSecurityConfiguration]], org.springframework.boot.test.context.filter.ExcludeFilterContextCustomizer@5acf948, org.springframework.boot.test.json.DuplicateJsonObjectContextCustomizerFactory$DuplicateJsonObjectContextCustomizer@688aa06b, org.springframework.boot.test.mock.mockito.MockitoContextCustomizer@0, org.springframework.boot.test.web.client.TestRestTemplateContextCustomizer@1c7db43b, org.springframework.boot.test.context.SpringBootTestArgs@1, org.springframework.boot.test.context.SpringBootTestWebEnvironment@501ad525], resourceBasePath = 'src/main/webapp', contextLoader = 'org.springframework.boot.test.context.SpringBootContextLoader', parent = [null]], attributes = map['org.springframework.test.context.web.ServletTestExecutionListener.activateListener' -> true]], class annotated with @DirtiesContext [false] with mode [null].
22:01:39.166 [Test worker] DEBUG org.springframework.test.context.support.TestPropertySourceUtils - Adding inlined properties to environment: {spring.jmx.enabled=false, org.springframework.boot.test.context.SpringBootTestContextBootstrapper=true}

  .   ____          _            __ _ _
 /\\ / ___'_ __ _ _(_)_ __  __ _ \ \ \ \
( ( )\___ | '_ | '_| | '_ \/ _` | \ \ \ \
 \\/  ___)| |_)| | | | | || (_| |  ) ) ) )
  '  |____| .__|_| |_|_| |_\__, | / / / /
 =========|_|==============|___/=/_/_/_/
 :: Spring Boot ::                (v2.5.2)

2021-07-28 22:01:44.420  INFO 54093 --- [    Test worker] c.e.resemble.ExampleTestApplication      : Starting ExampleTestApplication using Java 11.0.11 on joignoui-MacBookPro-2.local with PID 54093 (started by ikno in /Users/ikno/resembleG)
2021-07-28 22:01:44.422  INFO 54093 --- [    Test worker] c.e.resemble.ExampleTestApplication      : No active profile set, falling back to default profiles: default
2021-07-28 22:01:44.892  INFO 54093 --- [    Test worker] .s.d.r.c.RepositoryConfigurationDelegate : Bootstrapping Spring Data JPA repositories in DEFAULT mode.
2021-07-28 22:01:44.934  INFO 54093 --- [    Test worker] .s.d.r.c.RepositoryConfigurationDelegate : Finished Spring Data repository scanning in 34 ms. Found 1 JPA repository interfaces.
2021-07-28 22:01:45.367  INFO 54093 --- [    Test worker] o.hibernate.jpa.internal.util.LogHelper  : HHH000204: Processing PersistenceUnitInfo [name: default]
2021-07-28 22:01:45.414  INFO 54093 --- [    Test worker] org.hibernate.Version                    : HHH000412: Hibernate ORM core version 5.4.32.Final
2021-07-28 22:01:45.558  INFO 54093 --- [    Test worker] o.hibernate.annotations.common.Version   : HCANN000001: Hibernate Commons Annotations {5.1.2.Final}
2021-07-28 22:01:45.634  INFO 54093 --- [    Test worker] com.zaxxer.hikari.HikariDataSource       : HikariPool-1 - Starting...
2021-07-28 22:01:45.929  INFO 54093 --- [    Test worker] com.zaxxer.hikari.HikariDataSource       : HikariPool-1 - Start completed.
2021-07-28 22:01:45.951  INFO 54093 --- [    Test worker] org.hibernate.dialect.Dialect            : HHH000400: Using dialect: org.hibernate.dialect.MySQL5InnoDBDialect
2021-07-28 22:01:46.538  INFO 54093 --- [    Test worker] o.h.e.t.j.p.i.JtaPlatformInitiator       : HHH000490: Using JtaPlatform implementation: [org.hibernate.engine.transaction.jta.platform.internal.NoJtaPlatform]
2021-07-28 22:01:46.546  INFO 54093 --- [    Test worker] j.LocalContainerEntityManagerFactoryBean : Initialized JPA EntityManagerFactory for persistence unit 'default'
2021-07-28 22:01:46.923  WARN 54093 --- [    Test worker] JpaBaseConfiguration$JpaWebConfiguration : spring.jpa.open-in-view is enabled by default. Therefore, database queries may be performed during view rendering. Explicitly configure spring.jpa.open-in-view to disable this warning
2021-07-28 22:01:47.350  INFO 54093 --- [    Test worker] o.s.b.t.m.w.SpringBootMockServletContext : Initializing Spring TestDispatcherServlet ''
2021-07-28 22:01:47.351  INFO 54093 --- [    Test worker] o.s.t.web.servlet.TestDispatcherServlet  : Initializing Servlet ''
2021-07-28 22:01:47.351  INFO 54093 --- [    Test worker] o.s.t.web.servlet.TestDispatcherServlet  : Completed initialization in 0 ms
2021-07-28 22:01:47.365  INFO 54093 --- [    Test worker] c.e.resemble.ExampleTestApplication      : Started ExampleTestApplication in 8.193 seconds (JVM running for 9.156)
2021-07-28 22:01:47.482  INFO 54093 --- [    Test worker] o.s.b.t.m.w.SpringBootMockServletContext : Initializing Spring TestDispatcherServlet ''
2021-07-28 22:01:47.482  INFO 54093 --- [    Test worker] o.s.t.web.servlet.TestDispatcherServlet  : Initializing Servlet ''
2021-07-28 22:01:47.483  INFO 54093 --- [    Test worker] o.s.t.web.servlet.TestDispatcherServlet  : Completed initialization in 1 ms
Hibernate: 
    select
        post0_.id as id1_0_0_,
        post0_.content as content2_0_0_,
        post0_.title as title3_0_0_ 
    from
        post post0_ 
    where
        post0_.id=?
Hibernate: 
    update
        post 
    set
        content=?,
        title=? 
    where
        id=?

MockHttpServletRequest:
      HTTP Method = PUT
      Request URI = /api/post/update/2
       Parameters = {}
          Headers = [Content-Type:"application/json;charset=UTF-8", Content-Length:"49"]
             Body = {"title":"updatetitle","content":"updatecontent"}
    Session Attrs = {}

Handler:
             Type = com.example.resemble.controller.PostController
           Method = com.example.resemble.controller.PostController#updatePost(Long, PostDTO)

Async:
    Async started = false
     Async result = null

Resolved Exception:
             Type = null

ModelAndView:
        View name = null
             View = null
            Model = null

FlashMap:
       Attributes = null

MockHttpServletResponse:
           Status = 200
    Error message = null
          Headers = []
     Content type = null
             Body = 
    Forwarded URL = null
   Redirected URL = null
          Cookies = []
]]></system-out>
  <system-err><![CDATA[]]></system-err>
</testsuite>
